<?xml version="1.0" encoding="UTF-8"?>
<!-- Generated by org.testng.reporters.JUnitXMLReporter -->
<testsuite hostname="DESKTOP-RETMNBO" ignored="0" name="Functional Testing" tests="8" failures="1" timestamp="2020-09-14T09:30:19 BST" time="14.854" errors="0">
  <testcase name="aTest1" time="0.008" classname="ui.LoginTest"/>
  <testcase name="aTest2" time="0.002" classname="ui.LoginTest"/>
  <testcase name="titleTest" time="10.309" classname="ui.VerifyTitleTest">
    <failure type="java.lang.AssertionError" message="The following asserts failed:
	Title verification failed expected [SpareRoom for gay flatshare, house share, flat share &amp;amp; rooms for rent] but found [SpareRoom for flatshare, house share, flat share &amp;amp; rooms for rent],
	Text verification failed expected [Registered] but found [Register]">
      <![CDATA[java.lang.AssertionError: The following asserts failed:
Title verification failed expected [SpareRoom for gay flatshare, house share, flat share & rooms for rent] but found [SpareRoom for flatshare, house share, flat share & rooms for rent],
Text verification failed expected [Registered] but found [Register]
at ui.VerifyTitleTest.titleTest(VerifyTitleTest.java:33)
at java.util.ArrayList.forEach(ArrayList.java:1257)
... Removed 30 stack frames]]>
    </failure>
  </testcase> <!-- titleTest -->
  <testcase name="bTest3" time="0.003" classname="ui.GroupDemoTest"/>
  <testcase name="bTest4" time="0.016" classname="ui.GroupDemoTest"/>
  <testcase name="aTest1" time="0.002" classname="ui.GroupDemoTest"/>
  <testcase name="bTest2" time="0.005" classname="ui.GroupDemoTest"/>
  <testcase name="titleTest" time="4.398" classname="ui.VerifyTitleAndTextTest"/>
</testsuite> <!-- Functional Testing -->
